C:\USERS\ALTERNAT0R\DOCUMENTS\VISUAL STUDIO 2012\PROJECTS\MALVIV\MALVIV\DEBUG\MALVIV.PCH
C:\USERS\ALTERNAT0R\DOCUMENTS\VISUAL STUDIO 2012\PROJECTS\MALVIV\MALVIV\DEBUG\STDAFX.OBJ
C:\USERS\ALTERNAT0R\DOCUMENTS\VISUAL STUDIO 2012\PROJECTS\MALVIV\MALVIV\DEBUG\VC110.PDB
C:\USERS\ALTERNAT0R\DOCUMENTS\VISUAL STUDIO 2012\PROJECTS\MALVIV\MALVIV\DEBUG\LIB.OBJ
C:\USERS\ALTERNAT0R\DOCUMENTS\VISUAL STUDIO 2012\PROJECTS\MALVIV\MALVIV\DEBUG\MALVIV.OBJ
C:\USERS\ALTERNAT0R\DOCUMENTS\VISUAL STUDIO 2012\PROJECTS\MALVIV\DEBUG\MALVIV.ILK
C:\USERS\ALTERNAT0R\DOCUMENTS\VISUAL STUDIO 2012\PROJECTS\MALVIV\DEBUG\MALVIV.EXE
C:\USERS\ALTERNAT0R\DOCUMENTS\VISUAL STUDIO 2012\PROJECTS\MALVIV\DEBUG\MALVIV.PDB
C:\Users\alternat0r\Documents\Visual Studio 2012\Projects\malviv\malviv\Debug\lib.obj
C:\Users\alternat0r\Documents\Visual Studio 2012\Projects\malviv\malviv\Debug\malviv.obj
C:\Users\alternat0r\Documents\Visual Studio 2012\Projects\malviv\malviv\Debug\stdafx.obj
C:\Users\alternat0r\Documents\Visual Studio 2012\Projects\malviv\malviv\Debug\cl.command.1.tlog
C:\Users\alternat0r\Documents\Visual Studio 2012\Projects\malviv\malviv\Debug\CL.read.1.tlog
C:\Users\alternat0r\Documents\Visual Studio 2012\Projects\malviv\malviv\Debug\CL.write.1.tlog
C:\Users\alternat0r\Documents\Visual Studio 2012\Projects\malviv\malviv\Debug\link-cvtres.read.1.tlog
C:\Users\alternat0r\Documents\Visual Studio 2012\Projects\malviv\malviv\Debug\link-cvtres.write.1.tlog
C:\Users\alternat0r\Documents\Visual Studio 2012\Projects\malviv\malviv\Debug\link-rc.read.1.tlog
C:\Users\alternat0r\Documents\Visual Studio 2012\Projects\malviv\malviv\Debug\link-rc.write.1.tlog
C:\Users\alternat0r\Documents\Visual Studio 2012\Projects\malviv\malviv\Debug\link.command.1.tlog
C:\Users\alternat0r\Documents\Visual Studio 2012\Projects\malviv\malviv\Debug\link.read.1.tlog
C:\Users\alternat0r\Documents\Visual Studio 2012\Projects\malviv\malviv\Debug\link.write.1.tlog
C:\Users\alternat0r\Documents\Visual Studio 2012\Projects\malviv\malviv\Debug\malviv.pch
C:\Users\alternat0r\Documents\Visual Studio 2012\Projects\malviv\malviv\Debug\vc110.idb
C:\Users\alternat0r\Documents\Visual Studio 2012\Projects\malviv\malviv\Debug\vc110.pdb
C:\Users\alternat0r\Documents\Visual Studio 2012\Projects\malviv\Debug\malviv.pdb
C:\Users\alternat0r\Documents\Visual Studio 2012\Projects\malviv\Debug\malviv.exe
C:\Users\alternat0r\Documents\Visual Studio 2012\Projects\malviv\Debug\malviv.ilk
